[debug] [2023-04-10T10:27:02.733Z] ----------------------------------------------------------------------
[debug] [2023-04-10T10:27:02.736Z] Command:       C:\Program Files\nodejs\node.exe C:\Users\kanha\AppData\Roaming\npm\node_modules\firebase-tools\lib\bin\firebase.js init
[debug] [2023-04-10T10:27:02.736Z] CLI Version:   11.25.3
[debug] [2023-04-10T10:27:02.736Z] Platform:      win32
[debug] [2023-04-10T10:27:02.736Z] Node Version:  v19.8.1
[debug] [2023-04-10T10:27:02.736Z] Time:          Mon Apr 10 2023 15:57:02 GMT+0530 (India Standard Time)
[debug] [2023-04-10T10:27:02.736Z] ----------------------------------------------------------------------
[debug] 
[debug] [2023-04-10T10:27:02.743Z] > command requires scopes: ["email","openid","https://www.googleapis.com/auth/cloudplatformprojects.readonly","https://www.googleapis.com/auth/firebase","https://www.googleapis.com/auth/cloud-platform"]
[debug] [2023-04-10T10:27:02.744Z] > authorizing via signed-in user (narkhedekanhaiya@gmail.com)
[info] 
     ######## #### ########  ######## ########     ###     ######  ########
     ##        ##  ##     ## ##       ##     ##  ##   ##  ##       ##
     ######    ##  ########  ######   ########  #########  ######  ######
     ##        ##  ##    ##  ##       ##     ## ##     ##       ## ##
     ##       #### ##     ## ######## ########  ##     ##  ######  ########

You're about to initialize a Firebase project in this directory:

  C:\Users\kanha\Downloads\now-ui-dashboard-angular-master\now-ui-dashboard-angular-master

[info] 
=== Project Setup
[info] 
[info] First, let's associate this project directory with a Firebase project.
[info] You can create multiple project aliases by running firebase use --add, 
[info] but for now we'll just set up a default project.
[info] 
[debug] [2023-04-10T10:27:47.659Z] >>> [apiv2][query] GET https://firebase.googleapis.com/v1beta1/projects pageSize=100
[debug] [2023-04-10T10:27:49.139Z] <<< [apiv2][status] GET https://firebase.googleapis.com/v1beta1/projects 200
[debug] [2023-04-10T10:27:49.139Z] <<< [apiv2][body] GET https://firebase.googleapis.com/v1beta1/projects [omitted]
[info] i  Using project angular-baby (angular-baby) 
[info] 
=== Hosting Setup
[info] 
[info] Your public directory is the folder (relative to your project directory) that
[info] will contain Hosting assets to be uploaded with firebase deploy. If you
[info] have a build process for your assets, use your build's output directory.
[info] 
[debug] [2023-04-10T10:28:38.410Z] >>> [apiv2][query] GET https://www.gstatic.com/firebasejs/releases.json [none]
[debug] [2023-04-10T10:28:38.521Z] <<< [apiv2][status] GET https://www.gstatic.com/firebasejs/releases.json 200
[debug] [2023-04-10T10:28:38.522Z] <<< [apiv2][body] GET https://www.gstatic.com/firebasejs/releases.json {"current":{"version":"9.19.1","browserURL":"https://www.gstatic.com/firebasejs/9.19.1/firebase.js","packageURL":"https://www.gstatic.com/firebasejs/9.19.1/firebase.tgz"},"live":{"version":"9.19","browserURL":"https://www.gstatic.com/firebasejs/live/9.19/firebase.js","packageURL":"https://www.gstatic.com/firebasejs/live/9.19/firebase.tgz"},"components":{"analytics":"https://www.gstatic.com/firebasejs/9.19.1/firebase-analytics.js","app":"https://www.gstatic.com/firebasejs/9.19.1/firebase-app.js","app-check":"https://www.gstatic.com/firebasejs/9.19.1/firebase-app-check.js","auth":"https://www.gstatic.com/firebasejs/9.19.1/firebase-auth.js","auth/cordova":"https://www.gstatic.com/firebasejs/9.19.1/firebase-auth/cordova.js","auth/react-native":"https://www.gstatic.com/firebasejs/9.19.1/firebase-auth/react-native.js","functions":"https://www.gstatic.com/firebasejs/9.19.1/firebase-functions.js","firestore":"https://www.gstatic.com/firebasejs/9.19.1/firebase-firestore.js","firestore/lite":"https://www.gstatic.com/firebasejs/9.19.1/firebase-firestore/lite.js","installations":"https://www.gstatic.com/firebasejs/9.19.1/firebase-installations.js","storage":"https://www.gstatic.com/firebasejs/9.19.1/firebase-storage.js","performance":"https://www.gstatic.com/firebasejs/9.19.1/firebase-performance.js","remote-config":"https://www.gstatic.com/firebasejs/9.19.1/firebase-remote-config.js","messaging":"https://www.gstatic.com/firebasejs/9.19.1/firebase-messaging.js","messaging/sw":"https://www.gstatic.com/firebasejs/9.19.1/firebase-messaging/sw.js","database":"https://www.gstatic.com/firebasejs/9.19.1/firebase-database.js","firestore.memory":"https://www.gstatic.com/firebasejs/9.19.1/firebase-firestore.memory.js"}}
[info] +  Wrote angu/index.html 
[info] 
[info] i  Didn't detect a .git folder. Assuming C:\Users\kanha\Downloads\now-ui-dashboard-angular-master\now-ui-dashboard-angular-master is the project root. 
[info] i  Authorizing with GitHub to upload your service account to a GitHub repository's secrets store. 
[info] 
[info] Visit this URL on this device to log in:
[info] https://github.com/login/oauth/authorize?client_id=89cf50f02ac6aaed3484&state=893328747&redirect_uri=http%3A%2F%2Flocalhost%3A9005&scope=read%3Auser%20repo%20public_repo
[info] 
[info] Waiting for authentication...
[debug] [2023-04-10T10:29:43.261Z] >>> [apiv2][query] POST https://github.com/login/oauth/access_token [none]
[debug] [2023-04-10T10:29:43.261Z] >>> [apiv2][body] POST https://github.com/login/oauth/access_token [stream]
[debug] [2023-04-10T10:29:43.612Z] <<< [apiv2][status] POST https://github.com/login/oauth/access_token 200
[debug] [2023-04-10T10:29:43.613Z] <<< [apiv2][body] POST https://github.com/login/oauth/access_token {"access_token":"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","token_type":"bearer","scope":"read:user,repo"}
[debug] [2023-04-10T10:29:43.618Z] >>> [apiv2][query] GET https://api.github.com/user [none]
[debug] [2023-04-10T10:29:43.987Z] <<< [apiv2][status] GET https://api.github.com/user 200
[debug] [2023-04-10T10:29:43.987Z] <<< [apiv2][body] GET https://api.github.com/user {"login":"kanha97","id":67432452,"node_id":"MDQ6VXNlcjY3NDMyNDUy","avatar_url":"https://avatars.githubusercontent.com/u/67432452?v=4","gravatar_id":"","url":"https://api.github.com/users/kanha97","html_url":"https://github.com/kanha97","followers_url":"https://api.github.com/users/kanha97/followers","following_url":"https://api.github.com/users/kanha97/following{/other_user}","gists_url":"https://api.github.com/users/kanha97/gists{/gist_id}","starred_url":"https://api.github.com/users/kanha97/starred{/owner}{/repo}","subscriptions_url":"https://api.github.com/users/kanha97/subscriptions","organizations_url":"https://api.github.com/users/kanha97/orgs","repos_url":"https://api.github.com/users/kanha97/repos","events_url":"https://api.github.com/users/kanha97/events{/privacy}","received_events_url":"https://api.github.com/users/kanha97/received_events","type":"User","site_admin":false,"name":"Android Developer Kotlin/Java","company":"devkanhaiya","blog":"","location":null,"email":null,"hireable":null,"bio":"Love to Develop Android App","twitter_username":null,"public_repos":18,"public_gists":0,"followers":2,"following":4,"created_at":"2020-06-25T16:41:44Z","updated_at":"2023-04-10T10:29:38Z","private_gists":0,"total_private_repos":6,"owned_private_repos":6,"disk_usage":54490,"collaborators":0,"two_factor_authentication":false,"plan":{"name":"free","space":976562499,"collaborators":0,"private_repos":10000}}
[info] 
[info] +  Success! Logged into GitHub as kanha97 
[info] 
